<?xml version="1.0" encoding="UTF-8"?>
<testsuite name="windows_and_action_with_them.Main" tests="1" skipped="0" failures="0" errors="0" timestamp="2020-12-12T23:28:32" hostname="LAPTOP-KLC841F5" time="65.922">
  <properties/>
  <testcase name="test_working_windows" classname="windows_and_action_with_them.Main" time="65.922"/>
  <system-out><![CDATA[]]></system-out>
  <system-err><![CDATA[SLF4J: Failed to load class "org.slf4j.impl.StaticLoggerBinder".
SLF4J: Defaulting to no-operation (NOP) logger implementation
SLF4J: See http://www.slf4j.org/codes.html#StaticLoggerBinder for further details.
Starting ChromeDriver 87.0.4280.20 (c99e81631faa0b2a448e658c0dbd8311fb04ddbd-refs/branch-heads/4280@{#355}) on port 23646
Only local connections are allowed.
Please see https://chromedriver.chromium.org/security-considerations for suggestions on keeping ChromeDriver safe.
ChromeDriver was started successfully.
дек 13, 2020 2:28:50 AM org.openqa.selenium.remote.ProtocolHandshake createSession
INFO: Detected dialect: W3C
дек 13, 2020 2:28:50 AM org.openqa.selenium.devtools.CdpVersionFinder findNearestMatch
WARNING: Unable to find an exact match for CDP version 87, so returning the closest version found: 86
дек 13, 2020 2:28:50 AM org.openqa.selenium.devtools.CdpVersionFinder findNearestMatch
INFO: Found CDP implementation for version 87 of 86
]]></system-err>
</testsuite>
