<?xml version="1.0" encoding="UTF-8"?>
<testsuite name="second.SecondTest" tests="1" skipped="0" failures="0" errors="0" timestamp="2020-12-07T14:49:38" hostname="LAPTOP-KLC841F5" time="27.177">
  <properties/>
  <testcase name="test" classname="second.SecondTest" time="27.177"/>
  <system-out><![CDATA[Austria = Belgium
Belgium = Bulgaria
Bulgaria = Croatia
Croatia = Cyprus
Cyprus = CzechRepublic
CzechRepublic = Denmark
Denmark = Estonia
Estonia = Finland
Finland = France
France = Germany
Germany = Greece
Greece = Hungary
Hungary = Ireland
Ireland = Italy
Italy = Latvia
Latvia = Lithuania
Lithuania = Luxembourg
Luxembourg = Malta
Malta = Netherlands
Netherlands = Poland
Poland = Portugal
Portugal = Romania
Romania = SlovakRepublic
SlovakRepublic = Slovenia
Slovenia = Spain
Spain = Sweden
Sweden = UnitedKingdom
]]></system-out>
  <system-err><![CDATA[SLF4J: Failed to load class "org.slf4j.impl.StaticLoggerBinder".
SLF4J: Defaulting to no-operation (NOP) logger implementation
SLF4J: See http://www.slf4j.org/codes.html#StaticLoggerBinder for further details.
Starting ChromeDriver 87.0.4280.20 (c99e81631faa0b2a448e658c0dbd8311fb04ddbd-refs/branch-heads/4280@{#355}) on port 44224
Only local connections are allowed.
Please see https://chromedriver.chromium.org/security-considerations for suggestions on keeping ChromeDriver safe.
ChromeDriver was started successfully.
дек 07, 2020 5:49:52 PM org.openqa.selenium.remote.ProtocolHandshake createSession
INFO: Detected dialect: W3C
дек 07, 2020 5:49:52 PM org.openqa.selenium.devtools.CdpVersionFinder findNearestMatch
WARNING: Unable to find an exact match for CDP version 87, so returning the closest version found: 86
дек 07, 2020 5:49:52 PM org.openqa.selenium.devtools.CdpVersionFinder findNearestMatch
INFO: Found CDP implementation for version 87 of 86
]]></system-err>
</testsuite>
